0 info it worked if it ends with ok
1 verbose cli [ '/home/ubuntu/.nvm/versions/node/v4.4.5/bin/node',
1 verbose cli   '/home/ubuntu/.nvm/versions/node/v4.4.5/bin/npm',
1 verbose cli   'install' ]
2 info using npm@2.15.5
3 info using node@v4.4.5
4 verbose readDependencies loading dependencies from /home/ubuntu/workspace/recipe_book/package.json
5 warn package.json recipe_book@1.0.0 No description
6 verbose install where, deps [ '/home/ubuntu/workspace/recipe_book',
6 verbose install   [ '@angular/common',
6 verbose install     '@angular/compiler',
6 verbose install     '@angular/core',
6 verbose install     '@angular/http',
6 verbose install     '@angular/platform-browser',
6 verbose install     '@angular/platform-browser-dynamic',
6 verbose install     '@angular/router',
6 verbose install     '@angular/forms',
6 verbose install     'es6-shim',
6 verbose install     'reflect-metadata',
6 verbose install     'rxjs',
6 verbose install     'systemjs',
6 verbose install     'zone.js',
6 verbose install     'angular-cli',
6 verbose install     'codelyzer',
6 verbose install     'ember-cli-inject-live-reload',
6 verbose install     'jasmine-core',
6 verbose install     'jasmine-spec-reporter',
6 verbose install     'karma',
6 verbose install     'karma-chrome-launcher',
6 verbose install     'karma-jasmine',
6 verbose install     'protractor',
6 verbose install     'ts-node',
6 verbose install     'tslint',
6 verbose install     'typescript',
6 verbose install     'typings' ] ]
7 verbose install where, peers [ '/home/ubuntu/workspace/recipe_book', [] ]
8 verbose installManyTop reading for lifecycle /home/ubuntu/workspace/recipe_book/package.json
9 info preinstall recipe_book@1.0.0
10 verbose installManyTop reading scoped package data from /home/ubuntu/workspace/recipe_book/node_modules/angular-cli/package.json
11 verbose installManyTop reading scoped package data from /home/ubuntu/workspace/recipe_book/node_modules/codelyzer/package.json
12 verbose installManyTop reading scoped package data from /home/ubuntu/workspace/recipe_book/node_modules/concurrently/package.json
13 verbose installManyTop reading scoped package data from /home/ubuntu/workspace/recipe_book/node_modules/ember-cli-inject-live-reload/package.json
14 verbose installManyTop reading scoped package data from /home/ubuntu/workspace/recipe_book/node_modules/es6-shim/package.json
15 verbose installManyTop reading scoped package data from /home/ubuntu/workspace/recipe_book/node_modules/gulp/package.json
16 verbose installManyTop reading scoped package data from /home/ubuntu/workspace/recipe_book/node_modules/gulp-autoprefixer/package.json
17 verbose installManyTop reading scoped package data from /home/ubuntu/workspace/recipe_book/node_modules/gulp-clean-css/package.json
18 verbose installManyTop reading scoped package data from /home/ubuntu/workspace/recipe_book/node_modules/gulp-sass/package.json
19 verbose installManyTop reading scoped package data from /home/ubuntu/workspace/recipe_book/node_modules/gulp-sourcemaps/package.json
20 verbose installManyTop reading scoped package data from /home/ubuntu/workspace/recipe_book/node_modules/gulp-typescript/package.json
21 verbose installManyTop reading scoped package data from /home/ubuntu/workspace/recipe_book/node_modules/jasmine-core/package.json
22 verbose installManyTop reading scoped package data from /home/ubuntu/workspace/recipe_book/node_modules/jasmine-spec-reporter/package.json
23 verbose installManyTop reading scoped package data from /home/ubuntu/workspace/recipe_book/node_modules/karma/package.json
24 verbose installManyTop reading scoped package data from /home/ubuntu/workspace/recipe_book/node_modules/karma-chrome-launcher/package.json
25 verbose installManyTop reading scoped package data from /home/ubuntu/workspace/recipe_book/node_modules/karma-jasmine/package.json
26 verbose installManyTop reading scoped package data from /home/ubuntu/workspace/recipe_book/node_modules/lite-server/package.json
27 verbose installManyTop reading scoped package data from /home/ubuntu/workspace/recipe_book/node_modules/protractor/package.json
28 verbose installManyTop reading scoped package data from /home/ubuntu/workspace/recipe_book/node_modules/reflect-metadata/package.json
29 verbose installManyTop reading scoped package data from /home/ubuntu/workspace/recipe_book/node_modules/rxjs/package.json
30 verbose installManyTop reading scoped package data from /home/ubuntu/workspace/recipe_book/node_modules/systemjs/package.json
31 verbose installManyTop reading scoped package data from /home/ubuntu/workspace/recipe_book/node_modules/systemjs-builder/package.json
32 verbose installManyTop reading scoped package data from /home/ubuntu/workspace/recipe_book/node_modules/ts-node/package.json
33 verbose installManyTop reading scoped package data from /home/ubuntu/workspace/recipe_book/node_modules/tslint/package.json
34 verbose installManyTop reading scoped package data from /home/ubuntu/workspace/recipe_book/node_modules/typescript/package.json
35 verbose installManyTop reading scoped package data from /home/ubuntu/workspace/recipe_book/node_modules/typings/package.json
36 verbose installManyTop reading scoped package data from /home/ubuntu/workspace/recipe_book/node_modules/zone.js/package.json
37 verbose installManyTop reading scoped package data from /home/ubuntu/workspace/recipe_book/node_modules/@angular/common/package.json
38 verbose installManyTop reading scoped package data from /home/ubuntu/workspace/recipe_book/node_modules/@angular/compiler/package.json
39 verbose installManyTop reading scoped package data from /home/ubuntu/workspace/recipe_book/node_modules/@angular/core/package.json
40 verbose installManyTop reading scoped package data from /home/ubuntu/workspace/recipe_book/node_modules/@angular/forms/package.json
41 verbose installManyTop reading scoped package data from /home/ubuntu/workspace/recipe_book/node_modules/@angular/http/package.json
42 verbose installManyTop reading scoped package data from /home/ubuntu/workspace/recipe_book/node_modules/@angular/platform-browser/package.json
43 verbose installManyTop reading scoped package data from /home/ubuntu/workspace/recipe_book/node_modules/@angular/platform-browser-dynamic/package.json
44 verbose installManyTop reading scoped package data from /home/ubuntu/workspace/recipe_book/node_modules/@angular/router/package.json
45 verbose installManyTop reading scoped package data from /home/ubuntu/workspace/recipe_book/node_modules/@angular/router-deprecated/package.json
46 verbose installManyTop reading scoped package data from /home/ubuntu/workspace/recipe_book/node_modules/@angular/upgrade/package.json
47 info package.json codelyzer@0.0.14 No README data
48 info package.json gulp-clean-css@2.0.11 No README data
49 info package.json @angular/common@2.0.0-rc.4 No description
50 info package.json @angular/common@2.0.0-rc.4 No README data
51 info package.json @angular/compiler@2.0.0-rc.4 No description
52 info package.json @angular/compiler@2.0.0-rc.4 No README data
53 info package.json @angular/core@2.0.0-rc.4 No description
54 info package.json @angular/core@2.0.0-rc.4 No README data
55 info package.json @angular/forms@0.2.0 No description
56 info package.json @angular/forms@0.2.0 No README data
57 info package.json @angular/http@2.0.0-rc.4 No description
58 info package.json @angular/http@2.0.0-rc.4 No README data
59 info package.json @angular/platform-browser@2.0.0-rc.4 No description
60 info package.json @angular/platform-browser@2.0.0-rc.4 No README data
61 info package.json @angular/platform-browser-dynamic@2.0.0-rc.4 No description
62 info package.json @angular/platform-browser-dynamic@2.0.0-rc.4 No README data
63 info package.json @angular/router@3.0.0-beta.2 No description
64 info package.json @angular/router@3.0.0-beta.2 No README data
65 info package.json @angular/upgrade@2.0.0-rc.1 No description
66 info package.json @angular/upgrade@2.0.0-rc.1 No repository field.
67 info package.json @angular/upgrade@2.0.0-rc.1 No README data
68 info package.json @angular/router-deprecated@2.0.0-rc.1 No description
69 info package.json @angular/router-deprecated@2.0.0-rc.1 No repository field.
70 info package.json @angular/router-deprecated@2.0.0-rc.1 No README data
71 verbose readDependencies loading dependencies from /home/ubuntu/workspace/recipe_book/package.json
72 verbose targetResolver reading package data from /home/ubuntu/workspace/recipe_book/node_modules/angular-cli/package.json
73 verbose targetResolver reading package data from /home/ubuntu/workspace/recipe_book/node_modules/codelyzer/package.json
74 verbose targetResolver reading package data from /home/ubuntu/workspace/recipe_book/node_modules/concurrently/package.json
75 verbose targetResolver reading package data from /home/ubuntu/workspace/recipe_book/node_modules/ember-cli-inject-live-reload/package.json
76 verbose targetResolver reading package data from /home/ubuntu/workspace/recipe_book/node_modules/es6-shim/package.json
77 verbose targetResolver reading package data from /home/ubuntu/workspace/recipe_book/node_modules/gulp/package.json
78 verbose targetResolver reading package data from /home/ubuntu/workspace/recipe_book/node_modules/gulp-autoprefixer/package.json
79 verbose targetResolver reading package data from /home/ubuntu/workspace/recipe_book/node_modules/gulp-clean-css/package.json
80 verbose targetResolver reading package data from /home/ubuntu/workspace/recipe_book/node_modules/gulp-sass/package.json
81 verbose targetResolver reading package data from /home/ubuntu/workspace/recipe_book/node_modules/gulp-sourcemaps/package.json
82 verbose targetResolver reading package data from /home/ubuntu/workspace/recipe_book/node_modules/gulp-typescript/package.json
83 verbose targetResolver reading package data from /home/ubuntu/workspace/recipe_book/node_modules/jasmine-core/package.json
84 verbose targetResolver reading package data from /home/ubuntu/workspace/recipe_book/node_modules/jasmine-spec-reporter/package.json
85 verbose targetResolver reading package data from /home/ubuntu/workspace/recipe_book/node_modules/karma/package.json
86 verbose targetResolver reading package data from /home/ubuntu/workspace/recipe_book/node_modules/karma-chrome-launcher/package.json
87 verbose targetResolver reading package data from /home/ubuntu/workspace/recipe_book/node_modules/karma-jasmine/package.json
88 verbose targetResolver reading package data from /home/ubuntu/workspace/recipe_book/node_modules/lite-server/package.json
89 verbose targetResolver reading package data from /home/ubuntu/workspace/recipe_book/node_modules/protractor/package.json
90 verbose targetResolver reading package data from /home/ubuntu/workspace/recipe_book/node_modules/reflect-metadata/package.json
91 verbose targetResolver reading package data from /home/ubuntu/workspace/recipe_book/node_modules/rxjs/package.json
92 verbose targetResolver reading package data from /home/ubuntu/workspace/recipe_book/node_modules/systemjs/package.json
93 verbose targetResolver reading package data from /home/ubuntu/workspace/recipe_book/node_modules/systemjs-builder/package.json
94 verbose targetResolver reading package data from /home/ubuntu/workspace/recipe_book/node_modules/ts-node/package.json
95 verbose targetResolver reading package data from /home/ubuntu/workspace/recipe_book/node_modules/tslint/package.json
96 verbose targetResolver reading package data from /home/ubuntu/workspace/recipe_book/node_modules/typescript/package.json
97 verbose targetResolver reading package data from /home/ubuntu/workspace/recipe_book/node_modules/typings/package.json
98 verbose targetResolver reading package data from /home/ubuntu/workspace/recipe_book/node_modules/zone.js/package.json
99 verbose targetResolver reading package data from /home/ubuntu/workspace/recipe_book/node_modules/.bin/concurrent/package.json
100 verbose targetResolver reading package data from /home/ubuntu/workspace/recipe_book/node_modules/.bin/concurrently/package.json
101 verbose targetResolver reading package data from /home/ubuntu/workspace/recipe_book/node_modules/.bin/gulp/package.json
102 verbose targetResolver reading package data from /home/ubuntu/workspace/recipe_book/node_modules/.bin/karma/package.json
103 verbose targetResolver reading package data from /home/ubuntu/workspace/recipe_book/node_modules/.bin/lite-server/package.json
104 verbose targetResolver reading package data from /home/ubuntu/workspace/recipe_book/node_modules/.bin/ng/package.json
105 verbose targetResolver reading package data from /home/ubuntu/workspace/recipe_book/node_modules/.bin/protractor/package.json
106 verbose targetResolver reading package data from /home/ubuntu/workspace/recipe_book/node_modules/.bin/ts-node/package.json
107 verbose targetResolver reading package data from /home/ubuntu/workspace/recipe_book/node_modules/.bin/tsc/package.json
108 verbose targetResolver reading package data from /home/ubuntu/workspace/recipe_book/node_modules/.bin/tslint/package.json
109 verbose targetResolver reading package data from /home/ubuntu/workspace/recipe_book/node_modules/.bin/tsserver/package.json
110 verbose targetResolver reading package data from /home/ubuntu/workspace/recipe_book/node_modules/.bin/typings/package.json
111 verbose targetResolver reading package data from /home/ubuntu/workspace/recipe_book/node_modules/.bin/webdriver-manager/package.json
112 verbose targetResolver reading package data from /home/ubuntu/workspace/recipe_book/node_modules/@angular/common/package.json
113 verbose targetResolver reading package data from /home/ubuntu/workspace/recipe_book/node_modules/@angular/compiler/package.json
114 verbose targetResolver reading package data from /home/ubuntu/workspace/recipe_book/node_modules/@angular/core/package.json
115 verbose targetResolver reading package data from /home/ubuntu/workspace/recipe_book/node_modules/@angular/forms/package.json
116 verbose targetResolver reading package data from /home/ubuntu/workspace/recipe_book/node_modules/@angular/http/package.json
117 verbose targetResolver reading package data from /home/ubuntu/workspace/recipe_book/node_modules/@angular/platform-browser/package.json
118 verbose targetResolver reading package data from /home/ubuntu/workspace/recipe_book/node_modules/@angular/platform-browser-dynamic/package.json
119 verbose targetResolver reading package data from /home/ubuntu/workspace/recipe_book/node_modules/@angular/router/package.json
120 verbose targetResolver reading package data from /home/ubuntu/workspace/recipe_book/node_modules/@angular/router-deprecated/package.json
121 verbose targetResolver reading package data from /home/ubuntu/workspace/recipe_book/node_modules/@angular/upgrade/package.json
122 verbose already installed skipping @angular/platform-browser@2.0.0-rc.4 /home/ubuntu/workspace/recipe_book
123 verbose already installed skipping @angular/platform-browser-dynamic@2.0.0-rc.4 /home/ubuntu/workspace/recipe_book
124 verbose already installed skipping @angular/router@3.0.0-beta.2 /home/ubuntu/workspace/recipe_book
125 verbose already installed skipping @angular/forms@0.2.0 /home/ubuntu/workspace/recipe_book
126 verbose already installed skipping es6-shim@^0.35.0 /home/ubuntu/workspace/recipe_book
127 verbose already installed skipping reflect-metadata@0.1.3 /home/ubuntu/workspace/recipe_book
128 verbose already installed skipping rxjs@5.0.0-beta.6 /home/ubuntu/workspace/recipe_book
129 verbose already installed skipping systemjs@0.19.26 /home/ubuntu/workspace/recipe_book
130 verbose already installed skipping zone.js@^0.6.12 /home/ubuntu/workspace/recipe_book
131 verbose already installed skipping angular-cli@^1.0.0-beta.4 /home/ubuntu/workspace/recipe_book
132 verbose already installed skipping codelyzer@0.0.14 /home/ubuntu/workspace/recipe_book
133 verbose already installed skipping ember-cli-inject-live-reload@^1.4.0 /home/ubuntu/workspace/recipe_book
134 verbose already installed skipping jasmine-core@^2.4.1 /home/ubuntu/workspace/recipe_book
135 verbose already installed skipping jasmine-spec-reporter@^2.4.0 /home/ubuntu/workspace/recipe_book
136 verbose already installed skipping karma@^0.13.15 /home/ubuntu/workspace/recipe_book
137 verbose already installed skipping karma-chrome-launcher@^0.2.3 /home/ubuntu/workspace/recipe_book
138 verbose already installed skipping karma-jasmine@^0.3.8 /home/ubuntu/workspace/recipe_book
139 verbose already installed skipping protractor@^3.3.0 /home/ubuntu/workspace/recipe_book
140 verbose already installed skipping ts-node@^0.5.5 /home/ubuntu/workspace/recipe_book
141 verbose already installed skipping tslint@^3.6.0 /home/ubuntu/workspace/recipe_book
142 verbose already installed skipping typescript@^1.8.10 /home/ubuntu/workspace/recipe_book
143 verbose already installed skipping typings@^0.8.1 /home/ubuntu/workspace/recipe_book
144 verbose already installed skipping @angular/common@2.0.0-rc.4 /home/ubuntu/workspace/recipe_book
145 verbose already installed skipping @angular/compiler@2.0.0-rc.4 /home/ubuntu/workspace/recipe_book
146 verbose already installed skipping @angular/core@2.0.0-rc.4 /home/ubuntu/workspace/recipe_book
147 verbose already installed skipping @angular/http@2.0.0-rc.4 /home/ubuntu/workspace/recipe_book
148 silly install resolved []
149 info build /home/ubuntu/workspace/recipe_book
150 info linkStuff recipe_book@1.0.0
151 silly linkStuff recipe_book@1.0.0 has /home/ubuntu/workspace as its parent node_modules
152 verbose linkBins recipe_book@1.0.0
153 verbose linkMans recipe_book@1.0.0
154 verbose rebuildBundles recipe_book@1.0.0
155 verbose rebuildBundles [ '.bin',
155 verbose rebuildBundles   '@angular',
155 verbose rebuildBundles   'angular-cli',
155 verbose rebuildBundles   'codelyzer',
155 verbose rebuildBundles   'concurrently',
155 verbose rebuildBundles   'ember-cli-inject-live-reload',
155 verbose rebuildBundles   'es6-shim',
155 verbose rebuildBundles   'gulp',
155 verbose rebuildBundles   'gulp-autoprefixer',
155 verbose rebuildBundles   'gulp-clean-css',
155 verbose rebuildBundles   'gulp-sass',
155 verbose rebuildBundles   'gulp-sourcemaps',
155 verbose rebuildBundles   'gulp-typescript',
155 verbose rebuildBundles   'jasmine-core',
155 verbose rebuildBundles   'jasmine-spec-reporter',
155 verbose rebuildBundles   'karma',
155 verbose rebuildBundles   'karma-chrome-launcher',
155 verbose rebuildBundles   'karma-jasmine',
155 verbose rebuildBundles   'lite-server',
155 verbose rebuildBundles   'protractor',
155 verbose rebuildBundles   'reflect-metadata',
155 verbose rebuildBundles   'rxjs',
155 verbose rebuildBundles   'systemjs',
155 verbose rebuildBundles   'systemjs-builder',
155 verbose rebuildBundles   'ts-node',
155 verbose rebuildBundles   'tslint',
155 verbose rebuildBundles   'typescript',
155 verbose rebuildBundles   'typings',
155 verbose rebuildBundles   'zone.js' ]
156 verbose rebuild bundle /home/ubuntu/workspace/recipe_book/node_modules/concurrently
157 info build /home/ubuntu/workspace/recipe_book/node_modules/concurrently
158 info preinstall concurrently@2.2.0
159 info linkStuff concurrently@2.2.0
160 silly linkStuff concurrently@2.2.0 has /home/ubuntu/workspace/recipe_book/node_modules as its parent node_modules
161 verbose linkBins concurrently@2.2.0
162 verbose link bins [ { concurrent: './src/main.js', concurrently: './src/main.js' },
162 verbose link bins   '/home/ubuntu/workspace/recipe_book/node_modules/.bin',
162 verbose link bins   false ]
163 verbose linkMans concurrently@2.2.0
164 verbose rebuildBundles concurrently@2.2.0
165 verbose rebuildBundles [ 'bluebird',
165 verbose rebuildBundles   'chalk',
165 verbose rebuildBundles   'commander',
165 verbose rebuildBundles   'cross-spawn',
165 verbose rebuildBundles   'lodash',
165 verbose rebuildBundles   'moment',
165 verbose rebuildBundles   'rx' ]
166 silly gentlyRm /home/ubuntu/workspace/recipe_book/node_modules/.bin/concurrently is being purged
167 verbose gentlyRm don't care about contents; nuking /home/ubuntu/workspace/recipe_book/node_modules/.bin/concurrently
168 silly gentlyRm /home/ubuntu/workspace/recipe_book/node_modules/.bin/concurrent is being purged
169 verbose gentlyRm don't care about contents; nuking /home/ubuntu/workspace/recipe_book/node_modules/.bin/concurrent
170 silly vacuum-fs purging /home/ubuntu/workspace/recipe_book/node_modules/.bin/concurrently
171 silly vacuum-fs purging /home/ubuntu/workspace/recipe_book/node_modules/.bin/concurrent
172 silly vacuum-fs quitting because other entries in /home/ubuntu/workspace/recipe_book/node_modules/.bin
173 silly vacuum-fs quitting because other entries in /home/ubuntu/workspace/recipe_book/node_modules/.bin
174 info install concurrently@2.2.0
175 info postinstall concurrently@2.2.0
176 verbose rebuild bundle /home/ubuntu/workspace/recipe_book/node_modules/gulp
177 info build /home/ubuntu/workspace/recipe_book/node_modules/gulp
178 info preinstall gulp@3.9.1
179 info linkStuff gulp@3.9.1
180 silly linkStuff gulp@3.9.1 has /home/ubuntu/workspace/recipe_book/node_modules as its parent node_modules
181 verbose linkBins gulp@3.9.1
182 verbose link bins [ { gulp: './bin/gulp.js' },
182 verbose link bins   '/home/ubuntu/workspace/recipe_book/node_modules/.bin',
182 verbose link bins   false ]
183 verbose linkMans gulp@3.9.1
184 verbose rebuildBundles gulp@3.9.1
185 verbose rebuildBundles [ '.bin',
185 verbose rebuildBundles   'archy',
185 verbose rebuildBundles   'chalk',
185 verbose rebuildBundles   'deprecated',
185 verbose rebuildBundles   'gulp-util',
185 verbose rebuildBundles   'interpret',
185 verbose rebuildBundles   'liftoff',
185 verbose rebuildBundles   'minimist',
185 verbose rebuildBundles   'orchestrator',
185 verbose rebuildBundles   'pretty-hrtime',
185 verbose rebuildBundles   'semver',
185 verbose rebuildBundles   'tildify',
185 verbose rebuildBundles   'v8flags',
185 verbose rebuildBundles   'vinyl-fs' ]
186 silly gentlyRm /home/ubuntu/workspace/recipe_book/node_modules/.bin/gulp is being purged
187 verbose gentlyRm don't care about contents; nuking /home/ubuntu/workspace/recipe_book/node_modules/.bin/gulp
188 silly vacuum-fs purging /home/ubuntu/workspace/recipe_book/node_modules/.bin/gulp
189 silly vacuum-fs quitting because other entries in /home/ubuntu/workspace/recipe_book/node_modules/.bin
190 info install gulp@3.9.1
191 info postinstall gulp@3.9.1
192 verbose rebuild bundle /home/ubuntu/workspace/recipe_book/node_modules/gulp-autoprefixer
193 info build /home/ubuntu/workspace/recipe_book/node_modules/gulp-autoprefixer
194 info preinstall gulp-autoprefixer@3.1.0
195 info linkStuff gulp-autoprefixer@3.1.0
196 silly linkStuff gulp-autoprefixer@3.1.0 has /home/ubuntu/workspace/recipe_book/node_modules as its parent node_modules
197 verbose linkBins gulp-autoprefixer@3.1.0
198 verbose linkMans gulp-autoprefixer@3.1.0
199 verbose rebuildBundles gulp-autoprefixer@3.1.0
200 verbose rebuildBundles [ 'autoprefixer',
200 verbose rebuildBundles   'gulp-util',
200 verbose rebuildBundles   'postcss',
200 verbose rebuildBundles   'through2',
200 verbose rebuildBundles   'vinyl-sourcemaps-apply' ]
201 info install gulp-autoprefixer@3.1.0
202 info postinstall gulp-autoprefixer@3.1.0
203 verbose rebuild bundle /home/ubuntu/workspace/recipe_book/node_modules/gulp-clean-css
204 info build /home/ubuntu/workspace/recipe_book/node_modules/gulp-clean-css
205 info preinstall gulp-clean-css@2.0.11
206 info linkStuff gulp-clean-css@2.0.11
207 silly linkStuff gulp-clean-css@2.0.11 has /home/ubuntu/workspace/recipe_book/node_modules as its parent node_modules
208 verbose linkBins gulp-clean-css@2.0.11
209 verbose linkMans gulp-clean-css@2.0.11
210 verbose rebuildBundles gulp-clean-css@2.0.11
211 verbose rebuildBundles [ '.bin',
211 verbose rebuildBundles   'clean-css',
211 verbose rebuildBundles   'gulp-util',
211 verbose rebuildBundles   'object-assign',
211 verbose rebuildBundles   'readable-stream',
211 verbose rebuildBundles   'vinyl-bufferstream',
211 verbose rebuildBundles   'vinyl-sourcemaps-apply' ]
212 info install gulp-clean-css@2.0.11
213 info postinstall gulp-clean-css@2.0.11
214 verbose rebuild bundle /home/ubuntu/workspace/recipe_book/node_modules/gulp-sass
215 info build /home/ubuntu/workspace/recipe_book/node_modules/gulp-sass
216 info preinstall gulp-sass@2.3.2
217 info linkStuff gulp-sass@2.3.2
218 silly linkStuff gulp-sass@2.3.2 has /home/ubuntu/workspace/recipe_book/node_modules as its parent node_modules
219 verbose linkBins gulp-sass@2.3.2
220 verbose linkMans gulp-sass@2.3.2
221 verbose rebuildBundles gulp-sass@2.3.2
222 verbose rebuildBundles [ '.bin',
222 verbose rebuildBundles   'gulp-util',
222 verbose rebuildBundles   'lodash.clonedeep',
222 verbose rebuildBundles   'node-sass',
222 verbose rebuildBundles   'through2',
222 verbose rebuildBundles   'vinyl-sourcemaps-apply' ]
223 info install gulp-sass@2.3.2
224 info postinstall gulp-sass@2.3.2
225 verbose rebuild bundle /home/ubuntu/workspace/recipe_book/node_modules/gulp-sourcemaps
226 info build /home/ubuntu/workspace/recipe_book/node_modules/gulp-sourcemaps
227 info preinstall gulp-sourcemaps@1.6.0
228 info linkStuff gulp-sourcemaps@1.6.0
229 silly linkStuff gulp-sourcemaps@1.6.0 has /home/ubuntu/workspace/recipe_book/node_modules as its parent node_modules
230 verbose linkBins gulp-sourcemaps@1.6.0
231 verbose linkMans gulp-sourcemaps@1.6.0
232 verbose rebuildBundles gulp-sourcemaps@1.6.0
233 verbose rebuildBundles [ 'convert-source-map',
233 verbose rebuildBundles   'graceful-fs',
233 verbose rebuildBundles   'strip-bom',
233 verbose rebuildBundles   'through2',
233 verbose rebuildBundles   'vinyl' ]
234 info install gulp-sourcemaps@1.6.0
235 info postinstall gulp-sourcemaps@1.6.0
236 verbose rebuild bundle /home/ubuntu/workspace/recipe_book/node_modules/gulp-typescript
237 info build /home/ubuntu/workspace/recipe_book/node_modules/gulp-typescript
238 info preinstall gulp-typescript@2.13.6
239 info linkStuff gulp-typescript@2.13.6
240 silly linkStuff gulp-typescript@2.13.6 has /home/ubuntu/workspace/recipe_book/node_modules as its parent node_modules
241 verbose linkBins gulp-typescript@2.13.6
242 verbose linkMans gulp-typescript@2.13.6
243 verbose rebuildBundles gulp-typescript@2.13.6
244 verbose rebuildBundles [ '.bin',
244 verbose rebuildBundles   'gulp-util',
244 verbose rebuildBundles   'source-map',
244 verbose rebuildBundles   'through2',
244 verbose rebuildBundles   'typescript',
244 verbose rebuildBundles   'vinyl-fs' ]
245 info install gulp-typescript@2.13.6
246 info postinstall gulp-typescript@2.13.6
247 verbose rebuild bundle /home/ubuntu/workspace/recipe_book/node_modules/lite-server
248 info build /home/ubuntu/workspace/recipe_book/node_modules/lite-server
249 info preinstall lite-server@2.2.2
250 info linkStuff lite-server@2.2.2
251 silly linkStuff lite-server@2.2.2 has /home/ubuntu/workspace/recipe_book/node_modules as its parent node_modules
252 verbose linkBins lite-server@2.2.2
253 verbose link bins [ { 'lite-server': './bin/lite-server' },
253 verbose link bins   '/home/ubuntu/workspace/recipe_book/node_modules/.bin',
253 verbose link bins   false ]
254 verbose linkMans lite-server@2.2.2
255 verbose rebuildBundles lite-server@2.2.2
256 silly gentlyRm /home/ubuntu/workspace/recipe_book/node_modules/.bin/lite-server is being purged
257 verbose gentlyRm don't care about contents; nuking /home/ubuntu/workspace/recipe_book/node_modules/.bin/lite-server
258 verbose rebuildBundles [ '.bin',
258 verbose rebuildBundles   'browser-sync',
258 verbose rebuildBundles   'connect-history-api-fallback',
258 verbose rebuildBundles   'connect-logger',
258 verbose rebuildBundles   'lodash',
258 verbose rebuildBundles   'minimist' ]
259 silly vacuum-fs purging /home/ubuntu/workspace/recipe_book/node_modules/.bin/lite-server
260 silly vacuum-fs quitting because other entries in /home/ubuntu/workspace/recipe_book/node_modules/.bin
261 info install lite-server@2.2.2
262 info postinstall lite-server@2.2.2
263 verbose rebuild bundle /home/ubuntu/workspace/recipe_book/node_modules/systemjs-builder
264 info build /home/ubuntu/workspace/recipe_book/node_modules/systemjs-builder
265 info preinstall systemjs-builder@0.15.23
266 info linkStuff systemjs-builder@0.15.23
267 silly linkStuff systemjs-builder@0.15.23 has /home/ubuntu/workspace/recipe_book/node_modules as its parent node_modules
268 verbose linkBins systemjs-builder@0.15.23
269 verbose linkMans systemjs-builder@0.15.23
270 verbose rebuildBundles systemjs-builder@0.15.23
271 verbose rebuildBundles [ '.bin',
271 verbose rebuildBundles   'babel-core',
271 verbose rebuildBundles   'babel-plugin-transform-es2015-modules-systemjs',
271 verbose rebuildBundles   'bluebird',
271 verbose rebuildBundles   'data-uri-to-buffer',
271 verbose rebuildBundles   'es6-template-strings',
271 verbose rebuildBundles   'glob',
271 verbose rebuildBundles   'mkdirp',
271 verbose rebuildBundles   'rollup',
271 verbose rebuildBundles   'source-map',
271 verbose rebuildBundles   'systemjs',
271 verbose rebuildBundles   'traceur',
271 verbose rebuildBundles   'uglify-js' ]
272 info install systemjs-builder@0.15.23
273 info postinstall systemjs-builder@0.15.23
274 info install recipe_book@1.0.0
275 info postinstall recipe_book@1.0.0
276 verbose unsafe-perm in lifecycle true
277 info prepublish recipe_book@1.0.0
278 verbose validateInstall loading /home/ubuntu/workspace/recipe_book/package.json for validation
279 verbose stack Error: The package @angular/common@2.0.0-rc.4 does not satisfy its siblings' peerDependencies requirements!
279 verbose stack     at /home/ubuntu/.nvm/versions/node/v4.4.5/lib/node_modules/npm/lib/install.js:125:32
279 verbose stack     at /home/ubuntu/.nvm/versions/node/v4.4.5/lib/node_modules/npm/lib/install.js:268:7
279 verbose stack     at /home/ubuntu/.nvm/versions/node/v4.4.5/lib/node_modules/npm/node_modules/read-installed/read-installed.js:142:5
279 verbose stack     at /home/ubuntu/.nvm/versions/node/v4.4.5/lib/node_modules/npm/node_modules/read-installed/read-installed.js:263:14
279 verbose stack     at cb (/home/ubuntu/.nvm/versions/node/v4.4.5/lib/node_modules/npm/node_modules/slide/lib/async-map.js:47:24)
279 verbose stack     at /home/ubuntu/.nvm/versions/node/v4.4.5/lib/node_modules/npm/node_modules/read-installed/read-installed.js:263:14
279 verbose stack     at cb (/home/ubuntu/.nvm/versions/node/v4.4.5/lib/node_modules/npm/node_modules/slide/lib/async-map.js:47:24)
279 verbose stack     at /home/ubuntu/.nvm/versions/node/v4.4.5/lib/node_modules/npm/node_modules/read-installed/read-installed.js:263:14
279 verbose stack     at cb (/home/ubuntu/.nvm/versions/node/v4.4.5/lib/node_modules/npm/node_modules/slide/lib/async-map.js:47:24)
279 verbose stack     at /home/ubuntu/.nvm/versions/node/v4.4.5/lib/node_modules/npm/node_modules/read-installed/read-installed.js:263:14
280 verbose cwd /home/ubuntu/workspace/recipe_book
281 error Linux 4.2.0-c9
282 error argv "/home/ubuntu/.nvm/versions/node/v4.4.5/bin/node" "/home/ubuntu/.nvm/versions/node/v4.4.5/bin/npm" "install"
283 error node v4.4.5
284 error npm  v2.15.5
285 error code EPEERINVALID
286 error peerinvalid The package @angular/common@2.0.0-rc.4 does not satisfy its siblings' peerDependencies requirements!
286 error peerinvalid Peer @angular/platform-browser@2.0.0-rc.4 wants @angular/common@^2.0.0-rc.4
286 error peerinvalid Peer @angular/platform-browser-dynamic@2.0.0-rc.4 wants @angular/common@^2.0.0-rc.4
286 error peerinvalid Peer @angular/router@3.0.0-beta.2 wants @angular/common@^2.0.0-rc.4
286 error peerinvalid Peer @angular/forms@0.2.0 wants @angular/common@^2.0.0-rc.4
286 error peerinvalid Peer @angular/router-deprecated@2.0.0-rc.1 wants @angular/common@2.0.0-rc.1
287 verbose exit [ 1, true ]
